
================================================================
======== txAdmin starting - 19/06/2021, 8:40:00 pm
================================================================
[20:41:00][127.0.0.1][AlShebab] Changing global settings via setup stepper and started Deployer.
[20:41:51][127.0.0.1][AlShebab] Setting recipe.
[20:42:38][127.0.0.1][AlShebab] Running recipe.
[20:43:44][127.0.0.1][AlShebab] Configured server.cfg from deployer.
[20:43:44][127.0.0.1][AlShebab] Completed and committed server deploy.

================================================================
======== txAdmin starting - 19/06/2021, 8:58:48 pm
================================================================

================================================================
======== txAdmin starting - 19/06/2021, 8:59:37 pm
================================================================

================================================================
======== txAdmin starting - 19/06/2021, 9:00:30 pm
================================================================

================================================================
======== txAdmin starting - 19/06/2021, 9:02:29 pm
================================================================

================================================================
======== txAdmin starting - 19/06/2021, 9:57:44 pm
================================================================

================================================================
======== txAdmin starting - 20/06/2021, 8:18:37 am
================================================================

================================================================
======== txAdmin starting - 20/06/2021, 8:36:34 am
================================================================

================================================================
======== txAdmin starting - 20/06/2021, 8:50:13 am
================================================================

================================================================
======== txAdmin starting - 20/06/2021, 8:57:36 am
================================================================

================================================================
======== txAdmin starting - 20/06/2021, 10:35:19 am
================================================================

================================================================
======== txAdmin starting - 20/06/2021, 10:35:56 am
================================================================

================================================================
======== txAdmin starting - 20/06/2021, 10:36:15 am
================================================================
[10:37:04][127.0.0.1][AlShebab] Changing fxRunner settings.

================================================================
======== txAdmin starting - 20/06/2021, 10:37:14 am
================================================================

================================================================
======== txAdmin starting - 20/06/2021, 11:53:54 am
================================================================

================================================================
======== txAdmin starting - 20/06/2021, 11:55:25 am
================================================================

================================================================
======== txAdmin starting - 20/06/2021, 12:38:16 pm
================================================================

================================================================
======== txAdmin starting - 20/06/2021, 12:44:52 pm
================================================================

================================================================
======== txAdmin starting - 20/06/2021, 12:50:27 pm
================================================================

================================================================
======== txAdmin starting - 20/06/2021, 12:58:21 pm
================================================================

================================================================
======== txAdmin starting - 20/06/2021, 1:11:57 pm
================================================================

================================================================
======== txAdmin starting - 20/06/2021, 1:17:11 pm
================================================================

================================================================
======== txAdmin starting - 20/06/2021, 1:17:32 pm
================================================================

================================================================
======== txAdmin starting - 20/06/2021, 1:34:39 pm
================================================================

================================================================
======== txAdmin starting - 20/06/2021, 1:44:24 pm
================================================================

================================================================
======== txAdmin starting - 20/06/2021, 1:58:14 pm
================================================================

================================================================
======== txAdmin starting - 20/06/2021, 3:37:47 pm
================================================================

================================================================
======== txAdmin starting - 20/06/2021, 3:39:15 pm
================================================================

================================================================
======== txAdmin starting - 20/06/2021, 3:47:50 pm
================================================================
